c:\github\chocoball_new\project\bulletphysics\src\bulletcollision\bulletcollision.dir\debug\bulletcollision.pdb
c:\github\chocoball_new\project\bulletphysics\src\bulletcollision\bulletcollision.dir\debug\btcompoundcompoundcollisionalgorithm.obj
c:\github\chocoball_new\project\bulletphysics\src\bulletcollision\bulletcollision.dir\debug\btcompoundcollisionalgorithm.obj
c:\github\chocoball_new\project\bulletphysics\src\bulletcollision\bulletcollision.dir\debug\btcollisionworldimporter.obj
c:\github\chocoball_new\project\bulletphysics\src\bulletcollision\bulletcollision.dir\debug\btcollisionworld.obj
c:\github\chocoball_new\project\bulletphysics\src\bulletcollision\bulletcollision.dir\debug\btcollisionobject.obj
c:\github\chocoball_new\project\bulletphysics\src\bulletcollision\bulletcollision.dir\debug\btcollisiondispatcher.obj
c:\github\chocoball_new\project\bulletphysics\src\bulletcollision\bulletcollision.dir\debug\btboxboxdetector.obj
c:\github\chocoball_new\project\bulletphysics\src\bulletcollision\bulletcollision.dir\debug\btboxboxcollisionalgorithm.obj
c:\github\chocoball_new\project\bulletphysics\src\bulletcollision\bulletcollision.dir\debug\btbox2dbox2dcollisionalgorithm.obj
c:\github\chocoball_new\project\bulletphysics\src\bulletcollision\bulletcollision.dir\debug\btactivatingcollisionalgorithm.obj
c:\github\chocoball_new\project\bulletphysics\src\bulletcollision\bulletcollision.dir\debug\btsimplebroadphase.obj
c:\github\chocoball_new\project\bulletphysics\src\bulletcollision\bulletcollision.dir\debug\btquantizedbvh.obj
c:\github\chocoball_new\project\bulletphysics\src\bulletcollision\bulletcollision.dir\debug\btoverlappingpaircache.obj
c:\github\chocoball_new\project\bulletphysics\src\bulletcollision\bulletcollision.dir\debug\btmultisapbroadphase.obj
c:\github\chocoball_new\project\bulletphysics\src\bulletcollision\bulletcollision.dir\debug\btdispatcher.obj
c:\github\chocoball_new\project\bulletphysics\src\bulletcollision\bulletcollision.dir\debug\btdbvtbroadphase.obj
c:\github\chocoball_new\project\bulletphysics\src\bulletcollision\bulletcollision.dir\debug\btdbvt.obj
c:\github\chocoball_new\project\bulletphysics\src\bulletcollision\bulletcollision.dir\debug\btcollisionalgorithm.obj
c:\github\chocoball_new\project\bulletphysics\src\bulletcollision\bulletcollision.dir\debug\btbroadphaseproxy.obj
c:\github\chocoball_new\project\bulletphysics\src\bulletcollision\bulletcollision.dir\debug\btaxissweep3.obj
c:\github\chocoball_new\project\bulletphysics\src\bulletcollision\bulletcollision.dir\debug\btcapsuleshape.obj
c:\github\chocoball_new\project\bulletphysics\src\bulletcollision\bulletcollision.dir\debug\btbvhtrianglemeshshape.obj
c:\github\chocoball_new\project\bulletphysics\src\bulletcollision\bulletcollision.dir\debug\btboxshape.obj
c:\github\chocoball_new\project\bulletphysics\src\bulletcollision\bulletcollision.dir\debug\btbox2dshape.obj
c:\github\chocoball_new\project\bulletphysics\src\bulletcollision\bulletcollision.dir\debug\spheretriangledetector.obj
c:\github\chocoball_new\project\bulletphysics\src\bulletcollision\bulletcollision.dir\debug\btunionfind.obj
c:\github\chocoball_new\project\bulletphysics\src\bulletcollision\bulletcollision.dir\debug\btspheretrianglecollisionalgorithm.obj
c:\github\chocoball_new\project\bulletphysics\src\bulletcollision\bulletcollision.dir\debug\btspherespherecollisionalgorithm.obj
c:\github\chocoball_new\project\bulletphysics\src\bulletcollision\bulletcollision.dir\debug\btsphereboxcollisionalgorithm.obj
c:\github\chocoball_new\project\bulletphysics\src\bulletcollision\bulletcollision.dir\debug\btsimulationislandmanager.obj
c:\github\chocoball_new\project\bulletphysics\src\bulletcollision\bulletcollision.dir\debug\btmanifoldresult.obj
c:\github\chocoball_new\project\bulletphysics\src\bulletcollision\bulletcollision.dir\debug\btinternaledgeutility.obj
c:\github\chocoball_new\project\bulletphysics\src\bulletcollision\bulletcollision.dir\debug\bthashedsimplepaircache.obj
c:\github\chocoball_new\project\bulletphysics\src\bulletcollision\bulletcollision.dir\debug\btghostobject.obj
c:\github\chocoball_new\project\bulletphysics\src\bulletcollision\bulletcollision.dir\debug\btemptycollisionalgorithm.obj
c:\github\chocoball_new\project\bulletphysics\src\bulletcollision\bulletcollision.dir\debug\btdefaultcollisionconfiguration.obj
c:\github\chocoball_new\project\bulletphysics\src\bulletcollision\bulletcollision.dir\debug\btconvexplanecollisionalgorithm.obj
c:\github\chocoball_new\project\bulletphysics\src\bulletcollision\bulletcollision.dir\debug\btconvexconvexalgorithm.obj
c:\github\chocoball_new\project\bulletphysics\src\bulletcollision\bulletcollision.dir\debug\btconvexconcavecollisionalgorithm.obj
c:\github\chocoball_new\project\bulletphysics\src\bulletcollision\bulletcollision.dir\debug\btconvex2dconvex2dalgorithm.obj
c:\github\chocoball_new\project\bulletphysics\src\bulletcollision\bulletcollision.dir\debug\btscaledbvhtrianglemeshshape.obj
c:\github\chocoball_new\project\bulletphysics\src\bulletcollision\bulletcollision.dir\debug\btpolyhedralconvexshape.obj
c:\github\chocoball_new\project\bulletphysics\src\bulletcollision\bulletcollision.dir\debug\btoptimizedbvh.obj
c:\github\chocoball_new\project\bulletphysics\src\bulletcollision\bulletcollision.dir\debug\btmultisphereshape.obj
c:\github\chocoball_new\project\bulletphysics\src\bulletcollision\bulletcollision.dir\debug\btmultimaterialtrianglemeshshape.obj
c:\github\chocoball_new\project\bulletphysics\src\bulletcollision\bulletcollision.dir\debug\btminkowskisumshape.obj
c:\github\chocoball_new\project\bulletphysics\src\bulletcollision\bulletcollision.dir\debug\btheightfieldterrainshape.obj
c:\github\chocoball_new\project\bulletphysics\src\bulletcollision\bulletcollision.dir\debug\btemptyshape.obj
c:\github\chocoball_new\project\bulletphysics\src\bulletcollision\bulletcollision.dir\debug\btcylindershape.obj
c:\github\chocoball_new\project\bulletphysics\src\bulletcollision\bulletcollision.dir\debug\btconvextrianglemeshshape.obj
c:\github\chocoball_new\project\bulletphysics\src\bulletcollision\bulletcollision.dir\debug\btconvexshape.obj
c:\github\chocoball_new\project\bulletphysics\src\bulletcollision\bulletcollision.dir\debug\btconvexpolyhedron.obj
c:\github\chocoball_new\project\bulletphysics\src\bulletcollision\bulletcollision.dir\debug\btconvexpointcloudshape.obj
c:\github\chocoball_new\project\bulletphysics\src\bulletcollision\bulletcollision.dir\debug\btconvexinternalshape.obj
c:\github\chocoball_new\project\bulletphysics\src\bulletcollision\bulletcollision.dir\debug\btconvexhullshape.obj
c:\github\chocoball_new\project\bulletphysics\src\bulletcollision\bulletcollision.dir\debug\btconvex2dshape.obj
c:\github\chocoball_new\project\bulletphysics\src\bulletcollision\bulletcollision.dir\debug\btconeshape.obj
c:\github\chocoball_new\project\bulletphysics\src\bulletcollision\bulletcollision.dir\debug\btconcaveshape.obj
c:\github\chocoball_new\project\bulletphysics\src\bulletcollision\bulletcollision.dir\debug\btcompoundshape.obj
c:\github\chocoball_new\project\bulletphysics\src\bulletcollision\bulletcollision.dir\debug\btcollisionshape.obj
c:\github\chocoball_new\project\bulletphysics\src\bulletcollision\bulletcollision.dir\debug\gim_box_set.obj
c:\github\chocoball_new\project\bulletphysics\src\bulletcollision\bulletcollision.dir\debug\bttriangleshapeex.obj
c:\github\chocoball_new\project\bulletphysics\src\bulletcollision\bulletcollision.dir\debug\btgimpactshape.obj
c:\github\chocoball_new\project\bulletphysics\src\bulletcollision\bulletcollision.dir\debug\btgimpactquantizedbvh.obj
c:\github\chocoball_new\project\bulletphysics\src\bulletcollision\bulletcollision.dir\debug\btgimpactcollisionalgorithm.obj
c:\github\chocoball_new\project\bulletphysics\src\bulletcollision\bulletcollision.dir\debug\btgimpactbvh.obj
c:\github\chocoball_new\project\bulletphysics\src\bulletcollision\bulletcollision.dir\debug\btgenericpoolallocator.obj
c:\github\chocoball_new\project\bulletphysics\src\bulletcollision\bulletcollision.dir\debug\btcontactprocessing.obj
c:\github\chocoball_new\project\bulletphysics\src\bulletcollision\bulletcollision.dir\debug\btuniformscalingshape.obj
c:\github\chocoball_new\project\bulletphysics\src\bulletcollision\bulletcollision.dir\debug\bttrianglemeshshape.obj
c:\github\chocoball_new\project\bulletphysics\src\bulletcollision\bulletcollision.dir\debug\bttrianglemesh.obj
c:\github\chocoball_new\project\bulletphysics\src\bulletcollision\bulletcollision.dir\debug\bttriangleindexvertexmaterialarray.obj
c:\github\chocoball_new\project\bulletphysics\src\bulletcollision\bulletcollision.dir\debug\bttriangleindexvertexarray.obj
c:\github\chocoball_new\project\bulletphysics\src\bulletcollision\bulletcollision.dir\debug\bttrianglecallback.obj
c:\github\chocoball_new\project\bulletphysics\src\bulletcollision\bulletcollision.dir\debug\bttrianglebuffer.obj
c:\github\chocoball_new\project\bulletphysics\src\bulletcollision\bulletcollision.dir\debug\bttetrahedronshape.obj
c:\github\chocoball_new\project\bulletphysics\src\bulletcollision\bulletcollision.dir\debug\btstridingmeshinterface.obj
c:\github\chocoball_new\project\bulletphysics\src\bulletcollision\bulletcollision.dir\debug\btstaticplaneshape.obj
c:\github\chocoball_new\project\bulletphysics\src\bulletcollision\bulletcollision.dir\debug\btsphereshape.obj
c:\github\chocoball_new\project\bulletphysics\src\bulletcollision\bulletcollision.dir\debug\btshapehull.obj
c:\github\chocoball_new\project\bulletphysics\src\bulletcollision\bulletcollision.dir\debug\btvoronoisimplexsolver.obj
c:\github\chocoball_new\project\bulletphysics\src\bulletcollision\bulletcollision.dir\debug\btsubsimplexconvexcast.obj
c:\github\chocoball_new\project\bulletphysics\src\bulletcollision\bulletcollision.dir\debug\btraycastcallback.obj
c:\github\chocoball_new\project\bulletphysics\src\bulletcollision\bulletcollision.dir\debug\btpolyhedralcontactclipping.obj
c:\github\chocoball_new\project\bulletphysics\src\bulletcollision\bulletcollision.dir\debug\btpersistentmanifold.obj
c:\github\chocoball_new\project\bulletphysics\src\bulletcollision\bulletcollision.dir\debug\btminkowskipenetrationdepthsolver.obj
c:\github\chocoball_new\project\bulletphysics\src\bulletcollision\bulletcollision.dir\debug\btgjkpairdetector.obj
c:\github\chocoball_new\project\bulletphysics\src\bulletcollision\bulletcollision.dir\debug\btgjkepapenetrationdepthsolver.obj
c:\github\chocoball_new\project\bulletphysics\src\bulletcollision\bulletcollision.dir\debug\btgjkepa2.obj
c:\github\chocoball_new\project\bulletphysics\src\bulletcollision\bulletcollision.dir\debug\btgjkconvexcast.obj
c:\github\chocoball_new\project\bulletphysics\src\bulletcollision\bulletcollision.dir\debug\btconvexcast.obj
c:\github\chocoball_new\project\bulletphysics\src\bulletcollision\bulletcollision.dir\debug\btcontinuousconvexcollision.obj
c:\github\chocoball_new\project\bulletphysics\src\bulletcollision\bulletcollision.dir\debug\gim_tri_collision.obj
c:\github\chocoball_new\project\bulletphysics\src\bulletcollision\bulletcollision.dir\debug\gim_memory.obj
c:\github\chocoball_new\project\bulletphysics\src\bulletcollision\bulletcollision.dir\debug\gim_contact.obj
c:\github\chocoball_new\project\bulletphysics\lib\debug\bulletcollision_debug.lib
c:\github\chocoball_new\project\\bulletphysics\lib\debug\bulletcollision_debug.lib
c:\github\chocoball_new\project\bulletphysics\src\bulletcollision\bulletcollision.dir\debug\bulletcollision.tlog\cl.command.1.tlog
c:\github\chocoball_new\project\bulletphysics\src\bulletcollision\bulletcollision.dir\debug\bulletcollision.tlog\cl.read.1.tlog
c:\github\chocoball_new\project\bulletphysics\src\bulletcollision\bulletcollision.dir\debug\bulletcollision.tlog\cl.write.1.tlog
c:\github\chocoball_new\project\bulletphysics\src\bulletcollision\bulletcollision.dir\debug\bulletcollision.tlog\lib-link.read.1.tlog
c:\github\chocoball_new\project\bulletphysics\src\bulletcollision\bulletcollision.dir\debug\bulletcollision.tlog\lib-link.write.1.tlog
c:\github\chocoball_new\project\bulletphysics\src\bulletcollision\bulletcollision.dir\debug\bulletcollision.tlog\lib.command.1.tlog
