c:\github\gamechocoball\chocoball\debug\chocoball.pch
c:\github\gamechocoball\chocoball\debug\vc120.pdb
c:\github\gamechocoball\chocoball\debug\vc120.idb
c:\github\gamechocoball\chocoball\debug\stdafx.obj
c:\github\gamechocoball\chocoball\debug\skinmodeldata.obj
c:\github\gamechocoball\chocoball\debug\tkstopwatch.obj
c:\github\gamechocoball\chocoball\debug\vibration.obj
c:\github\gamechocoball\chocoball\debug\playeranimationcontoller.obj
c:\github\gamechocoball\chocoball\debug\random.obj
c:\github\gamechocoball\chocoball\debug\render.obj
c:\github\gamechocoball\chocoball\debug\gamepad.obj
c:\github\gamechocoball\chocoball\debug\graphicsdevice.obj
c:\github\gamechocoball\chocoball\debug\imagemanager.obj
c:\github\gamechocoball\chocoball\debug\inputmanager.obj
c:\github\gamechocoball\chocoball\debug\interface.obj
c:\github\gamechocoball\chocoball\debug\keyboard.obj
c:\github\gamechocoball\chocoball\debug\light.obj
c:\github\gamechocoball\chocoball\debug\courcedef.obj
c:\github\gamechocoball\chocoball\debug\directinput.obj
c:\github\gamechocoball\chocoball\debug\effect.obj
c:\github\gamechocoball\chocoball\debug\allocatehierarchy.obj
c:\github\gamechocoball\chocoball\debug\animation.obj
c:\github\gamechocoball\chocoball\debug\audio.obj
c:\github\gamechocoball\chocoball\debug\c2drender.obj
c:\github\gamechocoball\chocoball\debug\chocoball.tlog\cl.command.1.tlog
c:\github\gamechocoball\chocoball\debug\chocoball.tlog\cl.read.1.tlog
c:\github\gamechocoball\chocoball\debug\chocoball.tlog\cl.write.1.tlog
